[2022-04-23 12:24:10] [1] [INFO] TEST [Project0 - testNewsSearch] STARTED at [21:24:10 2022-04-22]
[2022-04-23 12:24:15] [81] [INFO] INFO: opening url 'https://www.gsmarena.com'
[2022-04-23 12:24:35] [1] [ERROR] Unable to open url during 20sec!
[2022-04-23 12:24:42] [81] [INFO] URL 'https://www.gsmarena.com' opened
[2022-04-23 12:24:42] [81] [ERROR] ExecutionException error detected on capture full screenshot!
[2022-04-23 12:24:42] [1] [ERROR] TEST [Project0 - testNewsSearch] FAILED at [21:24:42 2022-04-22] - Unable to open url during 20sec!

org.testng.Assert.fail(Assert.java:87)
com.qaprosoft.carina.core.foundation.webdriver.DriverHelper.openURL(DriverHelper.java:172)
com.qaprosoft.carina.core.foundation.webdriver.DriverHelper.openURL(DriverHelper.java:135)
com.qaprosoft.carina.core.foundation.webdriver.DriverHelper.open(DriverHelper.java:125)
com.example.carina.demo.WebSampleTest.testNewsSearch(WebSampleTest.java:96)
java.base/jdk.internal.reflect.DirectMethodHandleAccessor.invoke(DirectMethodHandleAccessor.java:104)
java.base/java.lang.reflect.Method.invoke(Method.java:577)
org.testng.internal.MethodInvocationHelper.invokeMethod(MethodInvocationHelper.java:133)
org.testng.internal.TestInvoker.invokeMethod(TestInvoker.java:598)
org.testng.internal.TestInvoker.invokeTestMethod(TestInvoker.java:173)
org.testng.internal.MethodRunner.runInSequence(MethodRunner.java:46)
org.testng.internal.TestInvoker$MethodInvocationAgent.invoke(TestInvoker.java:824)
org.testng.internal.TestInvoker.invokeTestMethods(TestInvoker.java:146)
org.testng.internal.TestMethodWorker.invokeTestMethods(TestMethodWorker.java:146)
org.testng.internal.TestMethodWorker.run(TestMethodWorker.java:128)
java.base/java.util.ArrayList.forEach(ArrayList.java:1511)
org.testng.TestRunner.privateRun(TestRunner.java:794)
org.testng.TestRunner.run(TestRunner.java:596)
org.testng.SuiteRunner.runTest(SuiteRunner.java:377)
org.testng.SuiteRunner.runSequentially(SuiteRunner.java:371)
org.testng.SuiteRunner.privateRun(SuiteRunner.java:332)
org.testng.SuiteRunner.run(SuiteRunner.java:276)
org.testng.SuiteRunnerWorker.runSuite(SuiteRunnerWorker.java:53)
org.testng.SuiteRunnerWorker.run(SuiteRunnerWorker.java:96)
org.testng.TestNG.runSuitesSequentially(TestNG.java:1212)
org.testng.TestNG.runSuitesLocally(TestNG.java:1134)
org.testng.TestNG.runSuites(TestNG.java:1063)
org.testng.TestNG.run(TestNG.java:1031)
com.intellij.rt.testng.IDEARemoteTestNG.run(IDEARemoteTestNG.java:66)
com.intellij.rt.testng.RemoteTestNGStarter.main(RemoteTestNGStarter.java:109)
